[debug] [2025-07-04T12:36:48.612Z] ----------------------------------------------------------------------
[debug] [2025-07-04T12:36:48.617Z] Command:       /usr/local/bin/node /usr/local/bin/firebase emulators:start
[debug] [2025-07-04T12:36:48.617Z] CLI Version:   14.9.0
[debug] [2025-07-04T12:36:48.617Z] Platform:      darwin
[debug] [2025-07-04T12:36:48.617Z] Node Version:  v22.14.0
[debug] [2025-07-04T12:36:48.617Z] Time:          Fri Jul 04 2025 18:06:48 GMT+0530 (India Standard Time)
[debug] [2025-07-04T12:36:48.617Z] ----------------------------------------------------------------------
[debug] 
[debug] [2025-07-04T12:36:48.701Z] > command requires scopes: ["email","openid","https://www.googleapis.com/auth/cloudplatformprojects.readonly","https://www.googleapis.com/auth/firebase","https://www.googleapis.com/auth/cloud-platform"]
[debug] [2025-07-04T12:36:48.702Z] > authorizing via signed-in user (ravinkodithuwakku88@gmail.com)
[info] i  emulators: Starting emulators: functions, extensions {"metadata":{"emulator":{"name":"hub"},"message":"Starting emulators: functions, extensions"}}
[debug] [2025-07-04T12:36:48.704Z] Checked if tokens are valid: false, expires at: 1751629110930
[debug] [2025-07-04T12:36:48.704Z] Checked if tokens are valid: false, expires at: 1751629110930
[debug] [2025-07-04T12:36:48.704Z] > refreshing access token with scopes: []
[debug] [2025-07-04T12:36:48.705Z] >>> [apiv2][query] POST https://www.googleapis.com/oauth2/v3/token [none]
[debug] [2025-07-04T12:36:48.705Z] >>> [apiv2][body] POST https://www.googleapis.com/oauth2/v3/token [omitted]
[debug] [2025-07-04T12:36:49.069Z] <<< [apiv2][status] POST https://www.googleapis.com/oauth2/v3/token 200
[debug] [2025-07-04T12:36:49.069Z] <<< [apiv2][body] POST https://www.googleapis.com/oauth2/v3/token [omitted]
[debug] [2025-07-04T12:36:49.084Z] >>> [apiv2][query] GET https://cloudresourcemanager.googleapis.com/v1/projects/cftl-lms [none]
[debug] [2025-07-04T12:36:50.764Z] <<< [apiv2][status] GET https://cloudresourcemanager.googleapis.com/v1/projects/cftl-lms 200
[debug] [2025-07-04T12:36:50.765Z] <<< [apiv2][body] GET https://cloudresourcemanager.googleapis.com/v1/projects/cftl-lms {"projectNumber":"440654736937","projectId":"cftl-lms","lifecycleState":"ACTIVE","name":"CFTL-LMS","labels":{"firebase":"enabled","firebase-core":"disabled"},"createTime":"2025-06-27T16:38:16.743405Z"}
[debug] [2025-07-04T12:36:50.907Z] [logging] Logging Emulator only supports listening on one address (127.0.0.1). Not listening on ::1
[debug] [2025-07-04T12:36:50.907Z] assigned listening specs for emulators {"user":{"hub":[{"address":"127.0.0.1","family":"IPv4","port":4400},{"address":"::1","family":"IPv6","port":4400}],"ui":[{"address":"127.0.0.1","family":"IPv4","port":4000},{"address":"::1","family":"IPv6","port":4000}],"logging":[{"address":"127.0.0.1","family":"IPv4","port":4500}]},"metadata":{"message":"assigned listening specs for emulators"}}
[debug] [2025-07-04T12:36:50.909Z] [hub] writing locator at /var/folders/vl/sd690cj54_x6k3xpzc1t8kz40000gn/T/hub-cftl-lms.json
[debug] [2025-07-04T12:36:50.910Z] [Extensions] Started Extensions emulator, this is a noop.
[debug] [2025-07-04T12:36:51.002Z] [functions] Functions Emulator only supports listening on one address (127.0.0.1). Not listening on ::1
[debug] [2025-07-04T12:36:51.002Z] [eventarc] Eventarc Emulator only supports listening on one address (127.0.0.1). Not listening on ::1
[debug] [2025-07-04T12:36:51.002Z] [tasks] Cloud Tasks Emulator only supports listening on one address (127.0.0.1). Not listening on ::1
[debug] [2025-07-04T12:36:51.002Z] late-assigned ports for functions and eventarc emulators {"user":{"hub":[{"address":"127.0.0.1","family":"IPv4","port":4400},{"address":"::1","family":"IPv6","port":4400}],"ui":[{"address":"127.0.0.1","family":"IPv4","port":4000},{"address":"::1","family":"IPv6","port":4000}],"logging":[{"address":"127.0.0.1","family":"IPv4","port":4500}],"functions":[{"address":"127.0.0.1","family":"IPv4","port":5001}],"eventarc":[{"address":"127.0.0.1","family":"IPv4","port":9299}],"tasks":[{"address":"127.0.0.1","family":"IPv4","port":9499}]},"metadata":{"message":"late-assigned ports for functions and eventarc emulators"}}
[warn] ⚠  functions: The following emulators are not running, calls to these services from the Functions emulator will affect production: apphosting, auth, firestore, database, hosting, pubsub, storage, dataconnect {"metadata":{"emulator":{"name":"functions"},"message":"The following emulators are not running, calls to these services from the Functions emulator will affect production: \u001b[1mapphosting, auth, firestore, database, hosting, pubsub, storage, dataconnect\u001b[22m"}}
[debug] [2025-07-04T12:36:51.063Z] defaultcredentials: writing to file /Users/dumindumendis/.config/firebase/ravinkodithuwakku88_gmail_com_application_default_credentials.json
[debug] [2025-07-04T12:36:51.064Z] Setting GAC to /Users/dumindumendis/.config/firebase/ravinkodithuwakku88_gmail_com_application_default_credentials.json {"metadata":{"emulator":{"name":"functions"},"message":"Setting GAC to /Users/dumindumendis/.config/firebase/ravinkodithuwakku88_gmail_com_application_default_credentials.json"}}
[debug] [2025-07-04T12:36:51.064Z] Checked if tokens are valid: true, expires at: 1751636208069
[debug] [2025-07-04T12:36:51.064Z] Checked if tokens are valid: true, expires at: 1751636208069
[debug] [2025-07-04T12:36:51.064Z] >>> [apiv2][query] GET https://firebase.googleapis.com/v1beta1/projects/cftl-lms/adminSdkConfig [none]
[debug] [2025-07-04T12:36:52.011Z] <<< [apiv2][status] GET https://firebase.googleapis.com/v1beta1/projects/cftl-lms/adminSdkConfig 200
[debug] [2025-07-04T12:36:52.012Z] <<< [apiv2][body] GET https://firebase.googleapis.com/v1beta1/projects/cftl-lms/adminSdkConfig {"projectId":"cftl-lms","storageBucket":"cftl-lms.firebasestorage.app"}
[debug] [2025-07-04T12:36:52.036Z] [Extensions] Connecting Extensions emulator, this is a noop.
[info] i  functions: Watching "/Users/dumindumendis/Documents/my Projects/CFTL/CFTL-LMS/backend/functions" for Cloud Functions... {"metadata":{"emulator":{"name":"functions"},"message":"Watching \"/Users/dumindumendis/Documents/my Projects/CFTL/CFTL-LMS/backend/functions\" for Cloud Functions..."}}
[debug] [2025-07-04T12:36:52.047Z] Validating nodejs source
[debug] [2025-07-04T12:36:52.876Z] > [functions] package.json contents: {
  "name": "functions",
  "description": "Cloud Functions for Firebase",
  "scripts": {
    "serve": "firebase emulators:start --only functions",
    "shell": "firebase functions:shell",
    "start": "npm run shell",
    "deploy": "firebase deploy --only functions",
    "logs": "firebase functions:log"
  },
  "engines": {
    "node": "22"
  },
  "main": "index.js",
  "dependencies": {
    "bcryptjs": "^3.0.2",
    "busboy": "^1.6.0",
    "dotenv": "^17.0.1",
    "firebase-admin": "^12.6.0",
    "firebase-functions": "^6.0.1",
    "multer": "^2.0.1",
    "sharp": "^0.34.2"
  },
  "devDependencies": {
    "firebase-functions-test": "^3.1.0"
  },
  "private": true
}
[debug] [2025-07-04T12:36:52.877Z] Building nodejs source
[debug] [2025-07-04T12:36:52.877Z] Failed to find version of module node: reached end of search path /Users/dumindumendis/Documents/my Projects/CFTL/CFTL-LMS/backend/functions/node_modules
[info] ✔  functions: Using node@22 from host. 
[info] i  functions: Loaded environment variables from .env. 
[debug] [2025-07-04T12:36:52.879Z] Could not find functions.yaml. Must use http discovery
[debug] [2025-07-04T12:36:52.884Z] Found firebase-functions binary at '/Users/dumindumendis/Documents/my Projects/CFTL/CFTL-LMS/backend/functions/node_modules/.bin/firebase-functions'
[info] Serving at port 8930

[info] [dotenv@17.0.1] injecting env (0) from .env – [tip] encrypt with dotenvx: https://dotenvx.com

[debug] [2025-07-04T12:36:53.148Z] Got response from /__/functions.yaml {"endpoints":{"api":{"timeoutSeconds":300,"minInstances":null,"maxInstances":null,"ingressSettings":null,"concurrency":null,"serviceAccountEmail":null,"vpc":null,"platform":"gcfv2","labels":{},"httpsTrigger":{},"entryPoint":"api"}},"specVersion":"v1alpha1","requiredAPIs":[],"extensions":{}}
[debug] [2025-07-04T12:36:57.169Z] defaultcredentials: writing to file /Users/dumindumendis/.config/firebase/ravinkodithuwakku88_gmail_com_application_default_credentials.json
[debug] [2025-07-04T12:36:57.170Z] Setting GAC to /Users/dumindumendis/.config/firebase/ravinkodithuwakku88_gmail_com_application_default_credentials.json {"metadata":{"emulator":{"name":"functions"},"message":"Setting GAC to /Users/dumindumendis/.config/firebase/ravinkodithuwakku88_gmail_com_application_default_credentials.json"}}
[info] ✔  functions: Loaded functions definitions from source: api. {"metadata":{"emulator":{"name":"functions"},"message":"Loaded functions definitions from source: api."}}
[info] ✔  functions[us-central1-api]: http function initialized (http://127.0.0.1:5001/cftl-lms/us-central1/api). {"metadata":{"emulator":{"name":"functions"},"message":"\u001b[1mhttp\u001b[22m function initialized (http://127.0.0.1:5001/cftl-lms/us-central1/api)."}}
[debug] [2025-07-04T12:36:57.177Z] Could not find VSCode notification endpoint: FetchError: request to http://localhost:40001/vscode/notify failed, reason: . If you are not running the Firebase Data Connect VSCode extension, this is expected and not an issue.
[info] 
┌─────────────────────────────────────────────────────────────┐
│ ✔  All emulators ready! It is now safe to connect your app. │
│ i  View Emulator UI at http://127.0.0.1:4000/               │
└─────────────────────────────────────────────────────────────┘

┌────────────┬────────────────┬──────────────────────────────────┐
│ Emulator   │ Host:Port      │ View in Emulator UI              │
├────────────┼────────────────┼──────────────────────────────────┤
│ Functions  │ 127.0.0.1:5001 │ http://127.0.0.1:4000/functions  │
├────────────┼────────────────┼──────────────────────────────────┤
│ Extensions │ 127.0.0.1:5001 │ http://127.0.0.1:4000/extensions │
└────────────┴────────────────┴──────────────────────────────────┘
  Emulator Hub host: 127.0.0.1 port: 4400
  Other reserved ports: 4500
┌─────────────────────────┬───────────────┬─────────────────────┐
│ Extension Instance Name │ Extension Ref │ View in Emulator UI │
└─────────────────────────┴───────────────┴─────────────────────┘
Issues? Report them at https://github.com/firebase/firebase-tools/issues and attach the *-debug.log files.
 
[debug] [2025-07-04T12:37:34.359Z] [work-queue] {"queuedWork":["/cftl-lms/us-central1/api/api/students/latest-regno-2025-07-04T12:37:34.358Z"],"queueLength":1,"runningWork":[],"workRunningCount":0}
[debug] [2025-07-04T12:37:34.360Z] [work-queue] {"queuedWork":[],"queueLength":0,"runningWork":["/cftl-lms/us-central1/api/api/students/latest-regno-2025-07-04T12:37:34.358Z"],"workRunningCount":1}
[debug] [2025-07-04T12:37:34.361Z] Accepted request GET /cftl-lms/us-central1/api/api/students/latest-regno --> us-central1-api
[debug] [2025-07-04T12:37:34.363Z] [functions] Runtime ready! Sending request! {"metadata":{"emulator":{"name":"functions"},"message":"[functions] Runtime ready! Sending request!"}}
[debug] [2025-07-04T12:37:34.364Z] [functions] Got req.url=/cftl-lms/us-central1/api/api/students/latest-regno, mapping to path=/api/students/latest-regno {"metadata":{"emulator":{"name":"functions"},"message":"[functions] Got req.url=/cftl-lms/us-central1/api/api/students/latest-regno, mapping to path=/api/students/latest-regno"}}
[info] i  functions: Loaded environment variables from .env. 
[debug] [2025-07-04T12:37:34.369Z] [worker-pool] addWorker(us-central1-api) {"metadata":{"emulator":{"name":"functions"},"message":"[worker-pool] addWorker(us-central1-api)"}}
[debug] [2025-07-04T12:37:34.370Z] [worker-pool] Adding worker with key us-central1-api, total=1 {"metadata":{"emulator":{"name":"functions"},"message":"[worker-pool] Adding worker with key us-central1-api, total=1"}}
[debug] [2025-07-04T12:37:34.880Z] [runtime-status] [93469] Resolved module firebase-admin {"declared":true,"installed":true,"version":"12.7.0","resolution":"/Users/dumindumendis/Documents/my Projects/CFTL/CFTL-LMS/backend/functions/node_modules/firebase-admin/lib/index.js"} {"metadata":{"emulator":{"name":"functions"},"function":{"name":"us-central1-api"},"extension":{},"message":"[runtime-status] [93469] Resolved module firebase-admin {\"declared\":true,\"installed\":true,\"version\":\"12.7.0\",\"resolution\":\"/Users/dumindumendis/Documents/my Projects/CFTL/CFTL-LMS/backend/functions/node_modules/firebase-admin/lib/index.js\"}"}}
[debug] [2025-07-04T12:37:34.881Z] [runtime-status] [93469] Resolved module firebase-functions {"declared":true,"installed":true,"version":"6.3.2","resolution":"/Users/dumindumendis/Documents/my Projects/CFTL/CFTL-LMS/backend/functions/node_modules/firebase-functions/lib/v2/index.js"} {"metadata":{"emulator":{"name":"functions"},"function":{"name":"us-central1-api"},"extension":{},"message":"[runtime-status] [93469] Resolved module firebase-functions {\"declared\":true,\"installed\":true,\"version\":\"6.3.2\",\"resolution\":\"/Users/dumindumendis/Documents/my Projects/CFTL/CFTL-LMS/backend/functions/node_modules/firebase-functions/lib/v2/index.js\"}"}}
[debug] [2025-07-04T12:37:34.881Z] [runtime-status] [93469] Outgoing network have been stubbed. [{"name":"http","status":"mocked"},{"name":"http","status":"mocked"},{"name":"https","status":"mocked"},{"name":"https","status":"mocked"},{"name":"net","status":"mocked"}] {"metadata":{"emulator":{"name":"functions"},"function":{"name":"us-central1-api"},"extension":{},"message":"[runtime-status] [93469] Outgoing network have been stubbed. [{\"name\":\"http\",\"status\":\"mocked\"},{\"name\":\"http\",\"status\":\"mocked\"},{\"name\":\"https\",\"status\":\"mocked\"},{\"name\":\"https\",\"status\":\"mocked\"},{\"name\":\"net\",\"status\":\"mocked\"}]"}}
[debug] [2025-07-04T12:37:34.881Z] [runtime-status] [93469] Resolved module firebase-functions {"declared":true,"installed":true,"version":"6.3.2","resolution":"/Users/dumindumendis/Documents/my Projects/CFTL/CFTL-LMS/backend/functions/node_modules/firebase-functions/lib/v2/index.js"} {"metadata":{"emulator":{"name":"functions"},"function":{"name":"us-central1-api"},"extension":{},"message":"[runtime-status] [93469] Resolved module firebase-functions {\"declared\":true,\"installed\":true,\"version\":\"6.3.2\",\"resolution\":\"/Users/dumindumendis/Documents/my Projects/CFTL/CFTL-LMS/backend/functions/node_modules/firebase-functions/lib/v2/index.js\"}"}}
[debug] [2025-07-04T12:37:35.036Z] [runtime-status] [93469] Checked functions.config() {"config":{}} {"metadata":{"emulator":{"name":"functions"},"function":{"name":"us-central1-api"},"extension":{},"message":"[runtime-status] [93469] Checked functions.config() {\"config\":{}}"}}
[debug] [2025-07-04T12:37:35.036Z] [runtime-status] [93469] firebase-functions has been stubbed. {"functionsResolution":{"declared":true,"installed":true,"version":"6.3.2","resolution":"/Users/dumindumendis/Documents/my Projects/CFTL/CFTL-LMS/backend/functions/node_modules/firebase-functions/lib/v2/index.js"}} {"metadata":{"emulator":{"name":"functions"},"function":{"name":"us-central1-api"},"extension":{},"message":"[runtime-status] [93469] firebase-functions has been stubbed. {\"functionsResolution\":{\"declared\":true,\"installed\":true,\"version\":\"6.3.2\",\"resolution\":\"/Users/dumindumendis/Documents/my Projects/CFTL/CFTL-LMS/backend/functions/node_modules/firebase-functions/lib/v2/index.js\"}}"}}
[debug] [2025-07-04T12:37:35.036Z] [runtime-status] [93469] Resolved module firebase-functions {"declared":true,"installed":true,"version":"6.3.2","resolution":"/Users/dumindumendis/Documents/my Projects/CFTL/CFTL-LMS/backend/functions/node_modules/firebase-functions/lib/v2/index.js"} {"metadata":{"emulator":{"name":"functions"},"function":{"name":"us-central1-api"},"extension":{},"message":"[runtime-status] [93469] Resolved module firebase-functions {\"declared\":true,\"installed\":true,\"version\":\"6.3.2\",\"resolution\":\"/Users/dumindumendis/Documents/my Projects/CFTL/CFTL-LMS/backend/functions/node_modules/firebase-functions/lib/v2/index.js\"}"}}
[debug] [2025-07-04T12:37:35.045Z] [runtime-status] [93469] Resolved module firebase-admin {"declared":true,"installed":true,"version":"12.7.0","resolution":"/Users/dumindumendis/Documents/my Projects/CFTL/CFTL-LMS/backend/functions/node_modules/firebase-admin/lib/index.js"} {"metadata":{"emulator":{"name":"functions"},"function":{"name":"us-central1-api"},"extension":{},"message":"[runtime-status] [93469] Resolved module firebase-admin {\"declared\":true,\"installed\":true,\"version\":\"12.7.0\",\"resolution\":\"/Users/dumindumendis/Documents/my Projects/CFTL/CFTL-LMS/backend/functions/node_modules/firebase-admin/lib/index.js\"}"}}
[debug] [2025-07-04T12:37:35.045Z] [runtime-status] [93469] Resolved module firebase-functions {"declared":true,"installed":true,"version":"6.3.2","resolution":"/Users/dumindumendis/Documents/my Projects/CFTL/CFTL-LMS/backend/functions/node_modules/firebase-functions/lib/v2/index.js"} {"metadata":{"emulator":{"name":"functions"},"function":{"name":"us-central1-api"},"extension":{},"message":"[runtime-status] [93469] Resolved module firebase-functions {\"declared\":true,\"installed\":true,\"version\":\"6.3.2\",\"resolution\":\"/Users/dumindumendis/Documents/my Projects/CFTL/CFTL-LMS/backend/functions/node_modules/firebase-functions/lib/v2/index.js\"}"}}
[debug] [2025-07-04T12:37:35.045Z] [runtime-status] [93469] firebase-admin has been stubbed. {"adminResolution":{"declared":true,"installed":true,"version":"12.7.0","resolution":"/Users/dumindumendis/Documents/my Projects/CFTL/CFTL-LMS/backend/functions/node_modules/firebase-admin/lib/index.js"}} {"metadata":{"emulator":{"name":"functions"},"function":{"name":"us-central1-api"},"extension":{},"message":"[runtime-status] [93469] firebase-admin has been stubbed. {\"adminResolution\":{\"declared\":true,\"installed\":true,\"version\":\"12.7.0\",\"resolution\":\"/Users/dumindumendis/Documents/my Projects/CFTL/CFTL-LMS/backend/functions/node_modules/firebase-admin/lib/index.js\"}}"}}
[info] >  [dotenv@17.0.1] injecting env (0) from .env – [tip] encrypt with dotenvx: https://dotenvx.com {"user":"[dotenv@17.0.1] injecting env (0) from .env – [tip] encrypt with dotenvx: https://dotenvx.com","metadata":{"emulator":{"name":"functions"},"function":{"name":"us-central1-api"},"extension":{},"message":"\u001b[90m> \u001b[39m [dotenv@17.0.1] injecting env (0) from .env – [tip] encrypt with dotenvx: https://dotenvx.com"}}
[debug] [2025-07-04T12:37:35.088Z] [runtime-status] [93469] initializeApp(DEFAULT) {"storageBucket":"cftl-lms.firebasestorage.app","projectId":"cftl-lms"} {"metadata":{"emulator":{"name":"functions"},"function":{"name":"us-central1-api"},"extension":{},"message":"[runtime-status] [93469] initializeApp(DEFAULT) {\"storageBucket\":\"cftl-lms.firebasestorage.app\",\"projectId\":\"cftl-lms\"}"}}
[warn] ⚠  functions: The Cloud Firestore emulator is not running, so calls to Firestore will affect production. {"metadata":{"emulator":{"name":"functions"},"function":{"name":"us-central1-api"},"extension":{},"message":"The Cloud Firestore emulator is not running, so calls to Firestore will affect production."}}
[debug] [2025-07-04T12:37:35.097Z] [runtime-status] [93469] Functions runtime initialized. {"cwd":"/Users/dumindumendis/Documents/my Projects/CFTL/CFTL-LMS/backend/functions","node_version":"22.14.0"} {"metadata":{"emulator":{"name":"functions"},"function":{"name":"us-central1-api"},"extension":{},"message":"[runtime-status] [93469] Functions runtime initialized. {\"cwd\":\"/Users/dumindumendis/Documents/my Projects/CFTL/CFTL-LMS/backend/functions\",\"node_version\":\"22.14.0\"}"}}
[debug] [2025-07-04T12:37:35.098Z] [runtime-status] [93469] Listening to port: /var/folders/vl/sd690cj54_x6k3xpzc1t8kz40000gn/T/fire_emu_49fe9d2da985bf4b.sock {"metadata":{"emulator":{"name":"functions"},"function":{"name":"us-central1-api"},"extension":{},"message":"[runtime-status] [93469] Listening to port: /var/folders/vl/sd690cj54_x6k3xpzc1t8kz40000gn/T/fire_emu_49fe9d2da985bf4b.sock"}}
[debug] [2025-07-04T12:37:35.184Z] [worker-us-central1-api-85b6239f-76a2-4a1e-8801-d82eed09d817]: IDLE {"metadata":{"emulator":{"name":"functions"},"function":{"name":"us-central1-api"},"extension":{},"message":"[worker-us-central1-api-85b6239f-76a2-4a1e-8801-d82eed09d817]: IDLE"}}
[debug] [2025-07-04T12:37:35.184Z] [worker-pool] submitRequest(triggerId=us-central1-api) {"metadata":{"emulator":{"name":"functions"},"message":"[worker-pool] submitRequest(triggerId=us-central1-api)"}}
[info] i  functions: Beginning execution of "us-central1-api" {"metadata":{"emulator":{"name":"functions"},"function":{"name":"us-central1-api"},"extension":{},"message":"Beginning execution of \"us-central1-api\""}}
[debug] [2025-07-04T12:37:35.184Z] [worker-us-central1-api-85b6239f-76a2-4a1e-8801-d82eed09d817]: BUSY {"metadata":{"emulator":{"name":"functions"},"function":{"name":"us-central1-api"},"extension":{},"message":"[worker-us-central1-api-85b6239f-76a2-4a1e-8801-d82eed09d817]: BUSY"}}
[warn] ⚠  Google API requested!
   - URL: "https://oauth2.googleapis.com/token"
   - Be careful, this may be a production service. {"metadata":{"emulator":{"name":"functions"},"function":{"name":"us-central1-api"},"extension":{},"message":"Google API requested!\n   - URL: \"https://oauth2.googleapis.com/token\"\n   - Be careful, this may be a production service."}}
[debug] [2025-07-04T12:37:37.936Z] Finishing up request with event=pause {"metadata":{"emulator":{"name":"functions"},"function":{"name":"us-central1-api"},"extension":{},"message":"Finishing up request with event=pause"}}
[info] i  functions: Finished "us-central1-api" in 2752.0901249999997ms {"metadata":{"emulator":{"name":"functions"},"function":{"name":"us-central1-api"},"extension":{},"message":"Finished \"us-central1-api\" in 2752.0901249999997ms"}}
[debug] [2025-07-04T12:37:37.937Z] [worker-us-central1-api-85b6239f-76a2-4a1e-8801-d82eed09d817]: IDLE {"metadata":{"emulator":{"name":"functions"},"function":{"name":"us-central1-api"},"extension":{},"message":"[worker-us-central1-api-85b6239f-76a2-4a1e-8801-d82eed09d817]: IDLE"}}
[debug] [2025-07-04T12:37:37.937Z] Finishing up request with event=finish {"metadata":{"emulator":{"name":"functions"},"function":{"name":"us-central1-api"},"extension":{},"message":"Finishing up request with event=finish"}}
[debug] [2025-07-04T12:37:37.937Z] Finishing up request with event=close {"metadata":{"emulator":{"name":"functions"},"function":{"name":"us-central1-api"},"extension":{},"message":"Finishing up request with event=close"}}
[debug] [2025-07-04T12:37:37.937Z] [work-queue] {"queuedWork":[],"queueLength":0,"runningWork":[],"workRunningCount":0}
[debug] [2025-07-04T12:39:37.027Z] [work-queue] {"queuedWork":["/cftl-lms/us-central1/api/api/students-2025-07-04T12:39:37.027Z"],"queueLength":1,"runningWork":[],"workRunningCount":0}
[debug] [2025-07-04T12:39:37.029Z] [work-queue] {"queuedWork":[],"queueLength":0,"runningWork":["/cftl-lms/us-central1/api/api/students-2025-07-04T12:39:37.027Z"],"workRunningCount":1}
[debug] [2025-07-04T12:39:37.029Z] Accepted request OPTIONS /cftl-lms/us-central1/api/api/students --> us-central1-api
[debug] [2025-07-04T12:39:37.030Z] [functions] Runtime ready! Sending request! {"metadata":{"emulator":{"name":"functions"},"message":"[functions] Runtime ready! Sending request!"}}
[debug] [2025-07-04T12:39:37.031Z] [functions] Got req.url=/cftl-lms/us-central1/api/api/students, mapping to path=/api/students {"metadata":{"emulator":{"name":"functions"},"message":"[functions] Got req.url=/cftl-lms/us-central1/api/api/students, mapping to path=/api/students"}}
[debug] [2025-07-04T12:39:37.031Z] [worker-pool] submitRequest(triggerId=us-central1-api) {"metadata":{"emulator":{"name":"functions"},"message":"[worker-pool] submitRequest(triggerId=us-central1-api)"}}
[info] i  functions: Beginning execution of "us-central1-api" {"metadata":{"emulator":{"name":"functions"},"function":{"name":"us-central1-api"},"extension":{},"message":"Beginning execution of \"us-central1-api\""}}
[debug] [2025-07-04T12:39:37.031Z] [worker-us-central1-api-85b6239f-76a2-4a1e-8801-d82eed09d817]: BUSY {"metadata":{"emulator":{"name":"functions"},"function":{"name":"us-central1-api"},"extension":{},"message":"[worker-us-central1-api-85b6239f-76a2-4a1e-8801-d82eed09d817]: BUSY"}}
[debug] [2025-07-04T12:39:37.041Z] Finishing up request with event=pause {"metadata":{"emulator":{"name":"functions"},"function":{"name":"us-central1-api"},"extension":{},"message":"Finishing up request with event=pause"}}
[info] i  functions: Finished "us-central1-api" in 9.754875ms {"metadata":{"emulator":{"name":"functions"},"function":{"name":"us-central1-api"},"extension":{},"message":"Finished \"us-central1-api\" in 9.754875ms"}}
[debug] [2025-07-04T12:39:37.042Z] [worker-us-central1-api-85b6239f-76a2-4a1e-8801-d82eed09d817]: IDLE {"metadata":{"emulator":{"name":"functions"},"function":{"name":"us-central1-api"},"extension":{},"message":"[worker-us-central1-api-85b6239f-76a2-4a1e-8801-d82eed09d817]: IDLE"}}
[debug] [2025-07-04T12:39:37.042Z] Finishing up request with event=finish {"metadata":{"emulator":{"name":"functions"},"function":{"name":"us-central1-api"},"extension":{},"message":"Finishing up request with event=finish"}}
[debug] [2025-07-04T12:39:37.042Z] Finishing up request with event=close {"metadata":{"emulator":{"name":"functions"},"function":{"name":"us-central1-api"},"extension":{},"message":"Finishing up request with event=close"}}
[debug] [2025-07-04T12:39:37.042Z] [work-queue] {"queuedWork":[],"queueLength":0,"runningWork":[],"workRunningCount":0}
[debug] [2025-07-04T12:39:37.043Z] [work-queue] {"queuedWork":["/cftl-lms/us-central1/api/api/students-2025-07-04T12:39:37.043Z"],"queueLength":1,"runningWork":[],"workRunningCount":0}
[debug] [2025-07-04T12:39:37.043Z] [work-queue] {"queuedWork":[],"queueLength":0,"runningWork":["/cftl-lms/us-central1/api/api/students-2025-07-04T12:39:37.043Z"],"workRunningCount":1}
[debug] [2025-07-04T12:39:37.043Z] Accepted request POST /cftl-lms/us-central1/api/api/students --> us-central1-api
[debug] [2025-07-04T12:39:37.044Z] [functions] Runtime ready! Sending request! {"metadata":{"emulator":{"name":"functions"},"message":"[functions] Runtime ready! Sending request!"}}
[debug] [2025-07-04T12:39:37.044Z] [functions] Got req.url=/cftl-lms/us-central1/api/api/students, mapping to path=/api/students {"metadata":{"emulator":{"name":"functions"},"message":"[functions] Got req.url=/cftl-lms/us-central1/api/api/students, mapping to path=/api/students"}}
[debug] [2025-07-04T12:39:37.044Z] [worker-pool] submitRequest(triggerId=us-central1-api) {"metadata":{"emulator":{"name":"functions"},"message":"[worker-pool] submitRequest(triggerId=us-central1-api)"}}
[info] i  functions: Beginning execution of "us-central1-api" {"metadata":{"emulator":{"name":"functions"},"function":{"name":"us-central1-api"},"extension":{},"message":"Beginning execution of \"us-central1-api\""}}
[debug] [2025-07-04T12:39:37.044Z] [worker-us-central1-api-85b6239f-76a2-4a1e-8801-d82eed09d817]: BUSY {"metadata":{"emulator":{"name":"functions"},"function":{"name":"us-central1-api"},"extension":{},"message":"[worker-us-central1-api-85b6239f-76a2-4a1e-8801-d82eed09d817]: BUSY"}}
[debug] [2025-07-04T12:39:42.934Z] Finishing up request with event=pause {"metadata":{"emulator":{"name":"functions"},"function":{"name":"us-central1-api"},"extension":{},"message":"Finishing up request with event=pause"}}
[info] i  functions: Finished "us-central1-api" in 5890.862292ms {"metadata":{"emulator":{"name":"functions"},"function":{"name":"us-central1-api"},"extension":{},"message":"Finished \"us-central1-api\" in 5890.862292ms"}}
[debug] [2025-07-04T12:39:42.936Z] [worker-us-central1-api-85b6239f-76a2-4a1e-8801-d82eed09d817]: IDLE {"metadata":{"emulator":{"name":"functions"},"function":{"name":"us-central1-api"},"extension":{},"message":"[worker-us-central1-api-85b6239f-76a2-4a1e-8801-d82eed09d817]: IDLE"}}
[debug] [2025-07-04T12:39:42.936Z] Finishing up request with event=finish {"metadata":{"emulator":{"name":"functions"},"function":{"name":"us-central1-api"},"extension":{},"message":"Finishing up request with event=finish"}}
[debug] [2025-07-04T12:39:42.937Z] Finishing up request with event=close {"metadata":{"emulator":{"name":"functions"},"function":{"name":"us-central1-api"},"extension":{},"message":"Finishing up request with event=close"}}
[debug] [2025-07-04T12:39:42.937Z] [work-queue] {"queuedWork":[],"queueLength":0,"runningWork":[],"workRunningCount":0}
[debug] [2025-07-04T12:43:26.641Z] File /Users/dumindumendis/Documents/my Projects/CFTL/CFTL-LMS/backend/functions/controllers/studentController.js changed, reloading triggers {"metadata":{"emulator":{"name":"functions"},"message":"File /Users/dumindumendis/Documents/my Projects/CFTL/CFTL-LMS/backend/functions/controllers/studentController.js changed, reloading triggers"}}
[debug] [2025-07-04T12:43:27.650Z] Validating nodejs source
[debug] [2025-07-04T12:43:28.427Z] > [functions] package.json contents: {
  "name": "functions",
  "description": "Cloud Functions for Firebase",
  "scripts": {
    "serve": "firebase emulators:start --only functions",
    "shell": "firebase functions:shell",
    "start": "npm run shell",
    "deploy": "firebase deploy --only functions",
    "logs": "firebase functions:log"
  },
  "engines": {
    "node": "22"
  },
  "main": "index.js",
  "dependencies": {
    "bcryptjs": "^3.0.2",
    "busboy": "^1.6.0",
    "dotenv": "^17.0.1",
    "firebase-admin": "^12.6.0",
    "firebase-functions": "^6.0.1",
    "multer": "^2.0.1",
    "sharp": "^0.34.2"
  },
  "devDependencies": {
    "firebase-functions-test": "^3.1.0"
  },
  "private": true
}
[debug] [2025-07-04T12:43:28.427Z] Building nodejs source
[debug] [2025-07-04T12:43:28.428Z] Failed to find version of module node: reached end of search path /Users/dumindumendis/Documents/my Projects/CFTL/CFTL-LMS/backend/functions/node_modules
[info] ✔  functions: Using node@22 from host. 
[info] i  functions: Loaded environment variables from .env. 
[debug] [2025-07-04T12:43:28.431Z] Could not find functions.yaml. Must use http discovery
[debug] [2025-07-04T12:43:28.433Z] Found firebase-functions binary at '/Users/dumindumendis/Documents/my Projects/CFTL/CFTL-LMS/backend/functions/node_modules/.bin/firebase-functions'
[info] Serving at port 8373

[info] [dotenv@17.0.1] injecting env (0) from .env – [tip] encrypt with dotenvx: https://dotenvx.com

[debug] [2025-07-04T12:43:28.899Z] Got response from /__/functions.yaml {"endpoints":{"api":{"timeoutSeconds":300,"minInstances":null,"maxInstances":null,"ingressSettings":null,"concurrency":null,"serviceAccountEmail":null,"vpc":null,"platform":"gcfv2","labels":{},"httpsTrigger":{},"entryPoint":"api"}},"specVersion":"v1alpha1","requiredAPIs":[],"extensions":{}}
[debug] [2025-07-04T12:43:32.915Z] defaultcredentials: writing to file /Users/dumindumendis/.config/firebase/ravinkodithuwakku88_gmail_com_application_default_credentials.json
[debug] [2025-07-04T12:43:32.916Z] Setting GAC to /Users/dumindumendis/.config/firebase/ravinkodithuwakku88_gmail_com_application_default_credentials.json {"metadata":{"emulator":{"name":"functions"},"message":"Setting GAC to /Users/dumindumendis/.config/firebase/ravinkodithuwakku88_gmail_com_application_default_credentials.json"}}
[info] ✔  functions: Loaded functions definitions from source: api. {"metadata":{"emulator":{"name":"functions"},"message":"Loaded functions definitions from source: api."}}
[debug] [2025-07-04T12:43:32.916Z] [worker-pool] Shutting down IDLE worker (us-central1-api) {"metadata":{"emulator":{"name":"functions"},"message":"[worker-pool] Shutting down IDLE worker (us-central1-api)"}}
[debug] [2025-07-04T12:43:32.916Z] [worker-us-central1-api-85b6239f-76a2-4a1e-8801-d82eed09d817]: FINISHING {"metadata":{"emulator":{"name":"functions"},"function":{"name":"us-central1-api"},"extension":{},"message":"[worker-us-central1-api-85b6239f-76a2-4a1e-8801-d82eed09d817]: FINISHING"}}
[debug] [2025-07-04T12:43:32.929Z] [worker-us-central1-api-85b6239f-76a2-4a1e-8801-d82eed09d817]: exited {"metadata":{"emulator":{"name":"functions"},"function":{"name":"us-central1-api"},"extension":{},"message":"[worker-us-central1-api-85b6239f-76a2-4a1e-8801-d82eed09d817]: exited"}}
[debug] [2025-07-04T12:43:32.929Z] [worker-us-central1-api-85b6239f-76a2-4a1e-8801-d82eed09d817]: FINISHED {"metadata":{"emulator":{"name":"functions"},"function":{"name":"us-central1-api"},"extension":{},"message":"[worker-us-central1-api-85b6239f-76a2-4a1e-8801-d82eed09d817]: FINISHED"}}
[debug] [2025-07-04T12:43:44.699Z] File /Users/dumindumendis/Documents/my Projects/CFTL/CFTL-LMS/backend/functions/controllers/studentController.js changed, reloading triggers {"metadata":{"emulator":{"name":"functions"},"message":"File /Users/dumindumendis/Documents/my Projects/CFTL/CFTL-LMS/backend/functions/controllers/studentController.js changed, reloading triggers"}}
[debug] [2025-07-04T12:43:45.701Z] Validating nodejs source
[debug] [2025-07-04T12:43:46.470Z] > [functions] package.json contents: {
  "name": "functions",
  "description": "Cloud Functions for Firebase",
  "scripts": {
    "serve": "firebase emulators:start --only functions",
    "shell": "firebase functions:shell",
    "start": "npm run shell",
    "deploy": "firebase deploy --only functions",
    "logs": "firebase functions:log"
  },
  "engines": {
    "node": "22"
  },
  "main": "index.js",
  "dependencies": {
    "bcryptjs": "^3.0.2",
    "busboy": "^1.6.0",
    "dotenv": "^17.0.1",
    "firebase-admin": "^12.6.0",
    "firebase-functions": "^6.0.1",
    "multer": "^2.0.1",
    "sharp": "^0.34.2"
  },
  "devDependencies": {
    "firebase-functions-test": "^3.1.0"
  },
  "private": true
}
[debug] [2025-07-04T12:43:46.470Z] Building nodejs source
[debug] [2025-07-04T12:43:46.470Z] Failed to find version of module node: reached end of search path /Users/dumindumendis/Documents/my Projects/CFTL/CFTL-LMS/backend/functions/node_modules
[info] ✔  functions: Using node@22 from host. 
[info] i  functions: Loaded environment variables from .env. 
[debug] [2025-07-04T12:43:46.471Z] Could not find functions.yaml. Must use http discovery
[debug] [2025-07-04T12:43:46.472Z] Found firebase-functions binary at '/Users/dumindumendis/Documents/my Projects/CFTL/CFTL-LMS/backend/functions/node_modules/.bin/firebase-functions'
[info] Serving at port 8956

[info] [dotenv@17.0.1] injecting env (0) from .env – [tip] encrypt with dotenvx: https://dotenvx.com

[debug] [2025-07-04T12:43:46.697Z] Got response from /__/functions.yaml {"endpoints":{"api":{"timeoutSeconds":300,"minInstances":null,"maxInstances":null,"ingressSettings":null,"concurrency":null,"serviceAccountEmail":null,"vpc":null,"platform":"gcfv2","labels":{},"httpsTrigger":{},"entryPoint":"api"}},"specVersion":"v1alpha1","requiredAPIs":[],"extensions":{}}
[debug] [2025-07-04T12:43:50.713Z] defaultcredentials: writing to file /Users/dumindumendis/.config/firebase/ravinkodithuwakku88_gmail_com_application_default_credentials.json
[debug] [2025-07-04T12:43:50.715Z] Setting GAC to /Users/dumindumendis/.config/firebase/ravinkodithuwakku88_gmail_com_application_default_credentials.json {"metadata":{"emulator":{"name":"functions"},"message":"Setting GAC to /Users/dumindumendis/.config/firebase/ravinkodithuwakku88_gmail_com_application_default_credentials.json"}}
[info] ✔  functions: Loaded functions definitions from source: api. {"metadata":{"emulator":{"name":"functions"},"message":"Loaded functions definitions from source: api."}}
